Using pre-set license
Built from '6000.1/staging' branch; Version is '6000.1.2f1 (8e2281df4c52) revision 9314945'; Using compiler version '194234433'; Build Type 'Release'
OS: 'Windows 10  (10.0.19045) 64bit Core' Language: 'en' Physical Memory: 32581 MB
BatchMode: 1, IsHumanControllingUs: 0, StartBugReporterOnCrash: 0, Is64bit: 1, IsPro: 1
Date: 2025-05-29T14:54:39Z

COMMAND LINE ARGUMENTS:
C:\Program Files\Unity\Hub\Editor\6000.1.2f1\Editor\Unity.exe
-adb2
-batchMode
-noUpm
-name
AssetImportWorker0
-projectPath
C:/Users/mpand/OneDrive/Masaüstü/Mesleki proje/Macera Yolcusu
-logFile
Logs/AssetImportWorker0.log
-srvPort
61252
-job-worker-count
7
-background-job-worker-count
8
-gc-helper-count
1
-name
AssetImport
Successfully changed project path to: C:/Users/mpand/OneDrive/Masaüstü/Mesleki proje/Macera Yolcusu
C:/Users/mpand/OneDrive/Masaüstü/Mesleki proje/Macera Yolcusu
[UnityMemory] Configuration Parameters - Can be set up in boot.config
    "memorysetup-allocator-temp-initial-block-size-main=262144"
    "memorysetup-allocator-temp-initial-block-size-worker=262144"
    "memorysetup-bucket-allocator-granularity=16"
    "memorysetup-bucket-allocator-bucket-count=8"
    "memorysetup-bucket-allocator-block-size=33554432"
    "memorysetup-bucket-allocator-block-count=8"
    "memorysetup-main-allocator-block-size=16777216"
    "memorysetup-thread-allocator-block-size=16777216"
    "memorysetup-gfx-main-allocator-block-size=16777216"
    "memorysetup-gfx-thread-allocator-block-size=16777216"
    "memorysetup-cache-allocator-block-size=4194304"
    "memorysetup-typetree-allocator-block-size=2097152"
    "memorysetup-profiler-bucket-allocator-granularity=16"
    "memorysetup-profiler-bucket-allocator-bucket-count=8"
    "memorysetup-profiler-bucket-allocator-block-size=33554432"
    "memorysetup-profiler-bucket-allocator-block-count=8"
    "memorysetup-profiler-allocator-block-size=16777216"
    "memorysetup-profiler-editor-allocator-block-size=1048576"
    "memorysetup-temp-allocator-size-main=16777216"
    "memorysetup-job-temp-allocator-block-size=2097152"
    "memorysetup-job-temp-allocator-block-size-background=1048576"
    "memorysetup-job-temp-allocator-reduction-small-platforms=262144"
    "memorysetup-temp-allocator-size-background-worker=32768"
    "memorysetup-temp-allocator-size-job-worker=262144"
    "memorysetup-temp-allocator-size-preload-manager=33554432"
    "memorysetup-temp-allocator-size-nav-mesh-worker=65536"
    "memorysetup-temp-allocator-size-audio-worker=65536"
    "memorysetup-temp-allocator-size-cloud-worker=32768"
    "memorysetup-temp-allocator-size-gi-baking-worker=262144"
    "memorysetup-temp-allocator-size-gi-baking-worker=262144"
    "memorysetup-temp-allocator-size-gi-baking-worker=262144"
    "memorysetup-temp-allocator-size-gi-baking-worker=262144"
    "memorysetup-temp-allocator-size-gi-baking-worker=262144"
    "memorysetup-temp-allocator-size-gfx=262144"
Player connection [36788]  Target information:

Player connection [36788]  * "[IP] 192.168.1.117 [Port] 0 [Flags] 2 [Guid] 373010358 [EditorId] 373010358 [Version] 1048832 [Id] WindowsEditor(7,PC-M) [Debug] 1 [PackageName] WindowsEditor [ProjectName] Editor" 

Player connection [36788] Host joined multi-casting on [225.0.0.222:54997]...
Player connection [36788] Host joined alternative multi-casting on [225.0.0.222:34997]...
JobSystem: Creating JobQueue using job-worker-count value 7
Input System module state changed to: Initialized.
[Physics::Module] Initialized fallback backend.
[Physics::Module] Id: 0xdecafbad
Library Redirect Path: Library/
[Physics::Module] Selected backend.
[Physics::Module] Name: PhysX
[Physics::Module] Id: 0xf2b8ea05
[Physics::Module] SDK Version: 4.1.2
[Physics::Module] Integration Version: 1.0.0
[Physics::Module] Threading Mode: Multi-Threaded
Refreshing native plugins compatible for Editor in 2.27 ms, found 3 plugins.
Preloading 0 native plugins for Editor in 0.00 ms.
Initialize engine version: 6000.1.2f1 (8e2281df4c52)
[Subsystems] Discovering subsystems at path C:/Program Files/Unity/Hub/Editor/6000.1.2f1/Editor/Data/Resources/UnitySubsystems
[Subsystems] Discovering subsystems at path C:/Users/mpand/OneDrive/Masaüstü/Mesleki proje/Macera Yolcusu/Assets
GfxDevice: creating device client; kGfxThreadingModeNonThreaded
Direct3D:
    Version:         Direct3D 12 [level 12.1]
    Renderer:        NVIDIA GeForce RTX 3060 Ti (ID=0x24c9)
    Vendor:          NVIDIA
    VRAM:            8024 MB
    App VRAM Budget: 7256 MB
    Driver:          32.0.15.7283
Initialize mono
Mono path[0] = 'C:/Program Files/Unity/Hub/Editor/6000.1.2f1/Editor/Data/Managed'
Mono path[1] = 'C:/Program Files/Unity/Hub/Editor/6000.1.2f1/Editor/Data/MonoBleedingEdge/lib/mono/unityjit-win32'
Mono config path = 'C:/Program Files/Unity/Hub/Editor/6000.1.2f1/Editor/Data/MonoBleedingEdge/etc'
Using monoOptions --debugger-agent=transport=dt_socket,embedding=1,server=y,suspend=n,address=127.0.0.1:56580
Begin MonoManager ReloadAssembly
Registering precompiled unity dll's ...
Register platform support module: C:/Program Files/Unity/Hub/Editor/6000.1.2f1/Editor/Data/PlaybackEngines/WebGLSupport/UnityEditor.WebGL.Extensions.dll
Register platform support module: C:/Program Files/Unity/Hub/Editor/6000.1.2f1/Editor/Data/PlaybackEngines/WindowsStandaloneSupport/UnityEditor.WindowsStandalone.Extensions.dll
Registered in 0.002506 seconds.
- Loaded All Assemblies, in  0.375 seconds
Native extension for WindowsStandalone target not found
Native extension for WebGL target not found
Mono: successfully reloaded assembly
- Finished resetting the current domain, in  0.295 seconds
Domain Reload Profiling: 667ms
	BeginReloadAssembly (142ms)
		ExecutionOrderSort (0ms)
		DisableScriptedObjects (0ms)
		BackupInstance (0ms)
		ReleaseScriptingObjects (0ms)
		CreateAndSetChildDomain (1ms)
	RebuildCommonClasses (32ms)
	RebuildNativeTypeToScriptingClass (10ms)
	initialDomainReloadingComplete (48ms)
	LoadAllAssembliesAndSetupDomain (141ms)
		LoadAssemblies (139ms)
		RebuildTransferFunctionScriptingTraits (0ms)
		AnalyzeDomain (138ms)
			TypeCache.Refresh (137ms)
				TypeCache.ScanAssembly (125ms)
			BuildScriptInfoCaches (0ms)
			ResolveRequiredComponents (0ms)
	FinalizeReload (295ms)
		ReleaseScriptCaches (0ms)
		RebuildScriptCaches (0ms)
		SetupLoadedEditorAssemblies (265ms)
			LogAssemblyErrors (0ms)
			InitializePlatformSupportModulesInManaged (47ms)
			SetLoadedEditorAssemblies (3ms)
			BeforeProcessingInitializeOnLoad (51ms)
			ProcessInitializeOnLoadAttributes (117ms)
			ProcessInitializeOnLoadMethodAttributes (46ms)
			AfterProcessingInitializeOnLoad (0ms)
			EditorAssembliesLoaded (0ms)
		ExecutionOrderSort2 (0ms)
		AwakeInstancesAfterBackupRestoration (0ms)
========================================================================
Worker process is ready to serve import requests
Import Worker Mode flag is 0x00
Begin MonoManager ReloadAssembly
- Loaded All Assemblies, in  0.670 seconds
Refreshing native plugins compatible for Editor in 0.86 ms, found 3 plugins.
Native extension for WindowsStandalone target not found
Native extension for WebGL target not found
Mono: successfully reloaded assembly
- Finished resetting the current domain, in  0.560 seconds
Domain Reload Profiling: 1225ms
	BeginReloadAssembly (164ms)
		ExecutionOrderSort (0ms)
		DisableScriptedObjects (5ms)
		BackupInstance (0ms)
		ReleaseScriptingObjects (0ms)
		CreateAndSetChildDomain (29ms)
	RebuildCommonClasses (31ms)
	RebuildNativeTypeToScriptingClass (16ms)
	initialDomainReloadingComplete (45ms)
	LoadAllAssembliesAndSetupDomain (408ms)
		LoadAssemblies (329ms)
		RebuildTransferFunctionScriptingTraits (0ms)
		AnalyzeDomain (175ms)
			TypeCache.Refresh (140ms)
				TypeCache.ScanAssembly (128ms)
			BuildScriptInfoCaches (27ms)
			ResolveRequiredComponents (4ms)
	FinalizeReload (561ms)
		ReleaseScriptCaches (0ms)
		RebuildScriptCaches (0ms)
		SetupLoadedEditorAssemblies (441ms)
			LogAssemblyErrors (0ms)
			InitializePlatformSupportModulesInManaged (3ms)
			SetLoadedEditorAssemblies (3ms)
			BeforeProcessingInitializeOnLoad (97ms)
			ProcessInitializeOnLoadAttributes (307ms)
			ProcessInitializeOnLoadMethodAttributes (24ms)
			AfterProcessingInitializeOnLoad (7ms)
			EditorAssembliesLoaded (0ms)
		ExecutionOrderSort2 (0ms)
		AwakeInstancesAfterBackupRestoration (6ms)
Launched and connected shader compiler UnityShaderCompiler.exe after 0.01 seconds
Refreshing native plugins compatible for Editor in 2.42 ms, found 3 plugins.
Preloading 0 native plugins for Editor in 0.00 ms.
Unloading 23 Unused Serialized files (Serialized files now loaded: 0)
Unloading 3767 unused Assets / (1.0 MB). Loaded Objects now: 4276.
Memory consumption went from 162.4 MB to 161.4 MB.
Total: 6.208600 ms (FindLiveObjects: 0.787500 ms CreateObjectMapping: 0.430900 ms MarkObjects: 4.024700 ms  DeleteObjects: 0.963000 ms)

========================================================================
Received Import Request.
  Time since last request: 871448.650502 seconds.
  path: Assets/SimpleLowPolyNature/Prefabs/Tree2.prefab
  artifactKey: Guid(3e2accafa3a5f1b40ba86cf39bcb49a7) Importer(815301076,1909f56bfc062723c751e8b465ee728b)
Start importing Assets/SimpleLowPolyNature/Prefabs/Tree2.prefab using Guid(3e2accafa3a5f1b40ba86cf39bcb49a7) Importer(815301076,1909f56bfc062723c751e8b465ee728b) (PreviewImporter) -> (artifact id: '1d4948d0bc88cefc007bbe3f149e45a0') in 0.1734742 seconds
Number of updated asset objects reloaded before import = 0Number of asset objects unloaded after import = 10

========================================================================
Received Import Request.
  Time since last request: 0.000032 seconds.
  path: Assets/SimpleLowPolyNature/Prefabs/WoodFence2.prefab
  artifactKey: Guid(5172505cfbc25c644ad2ab70b9c6271a) Importer(815301076,1909f56bfc062723c751e8b465ee728b)
Start importing Assets/SimpleLowPolyNature/Prefabs/WoodFence2.prefab using Guid(5172505cfbc25c644ad2ab70b9c6271a) Importer(815301076,1909f56bfc062723c751e8b465ee728b) (PreviewImporter) -> (artifact id: 'bb6d77e4cedd5c6eb1ed6082bad03474') in 0.0247875 seconds
Number of updated asset objects reloaded before import = 0Number of asset objects unloaded after import = 9

========================================================================
Received Import Request.
  Time since last request: 0.000015 seconds.
  path: Assets/SimpleLowPolyNature/Prefabs/Mushroom3.prefab
  artifactKey: Guid(b87c30b9056d0fb4dbb257b188a32501) Importer(815301076,1909f56bfc062723c751e8b465ee728b)
Start importing Assets/SimpleLowPolyNature/Prefabs/Mushroom3.prefab using Guid(b87c30b9056d0fb4dbb257b188a32501) Importer(815301076,1909f56bfc062723c751e8b465ee728b) (PreviewImporter) -> (artifact id: 'ca280b493d8351bfdd11f68ff22774d2') in 0.0344882 seconds
Number of updated asset objects reloaded before import = 0Number of asset objects unloaded after import = 9

========================================================================
Received Import Request.
  Time since last request: 0.000037 seconds.
  path: Assets/SimpleLowPolyNature/Prefabs/TreeYellow1.prefab
  artifactKey: Guid(d85f77d368a7cb74d88aeccc3c5a5348) Importer(815301076,1909f56bfc062723c751e8b465ee728b)
Start importing Assets/SimpleLowPolyNature/Prefabs/TreeYellow1.prefab using Guid(d85f77d368a7cb74d88aeccc3c5a5348) Importer(815301076,1909f56bfc062723c751e8b465ee728b) (PreviewImporter) -> (artifact id: 'abe690aacee4a400d597c46378b33401') in 0.0203097 seconds
Number of updated asset objects reloaded before import = 0Number of asset objects unloaded after import = 10

========================================================================
Received Import Request.
  Time since last request: 0.000016 seconds.
  path: Assets/SimpleLowPolyNature/Prefabs/Rock6.prefab
  artifactKey: Guid(3f999b6beafe9d249bf9c3a91ff26ff6) Importer(815301076,1909f56bfc062723c751e8b465ee728b)
Start importing Assets/SimpleLowPolyNature/Prefabs/Rock6.prefab using Guid(3f999b6beafe9d249bf9c3a91ff26ff6) Importer(815301076,1909f56bfc062723c751e8b465ee728b) (PreviewImporter) -> (artifact id: '7638a4dc6a6ddc692e9bc779be3e10f0') in 0.0286602 seconds
Number of updated asset objects reloaded before import = 0Number of asset objects unloaded after import = 9

========================================================================
Received Import Request.
  Time since last request: 0.000016 seconds.
  path: Assets/SimpleLowPolyNature/Prefabs
  artifactKey: Guid(45690ad9e15981946be65f9548d8dd09) Importer(815301076,1909f56bfc062723c751e8b465ee728b)
Start importing Assets/SimpleLowPolyNature/Prefabs using Guid(45690ad9e15981946be65f9548d8dd09) Importer(815301076,1909f56bfc062723c751e8b465ee728b) (PreviewImporter) -> (artifact id: 'fd5df7b0200c832ff6b33cdc1d2d179b') in 0.0007869 seconds
Number of updated asset objects reloaded before import = 0Number of asset objects unloaded after import = 0

========================================================================
Received Import Request.
  Time since last request: 0.000070 seconds.
  path: Assets/SimpleLowPolyNature/Prefabs/Mushroom2.prefab
  artifactKey: Guid(5ad0841d147e6664f9ee38e733624608) Importer(815301076,1909f56bfc062723c751e8b465ee728b)
Start importing Assets/SimpleLowPolyNature/Prefabs/Mushroom2.prefab using Guid(5ad0841d147e6664f9ee38e733624608) Importer(815301076,1909f56bfc062723c751e8b465ee728b) (PreviewImporter) -> (artifact id: '74f9c7c2befa306c0b1ee105a0a97f58') in 0.0485843 seconds
Number of updated asset objects reloaded before import = 0Number of asset objects unloaded after import = 9

========================================================================
Received Import Request.
  Time since last request: 0.000019 seconds.
  path: Assets/SimpleLowPolyNature/Prefabs/Rock1.prefab
  artifactKey: Guid(c0695e50372965840badd7b84ed57617) Importer(815301076,1909f56bfc062723c751e8b465ee728b)
Start importing Assets/SimpleLowPolyNature/Prefabs/Rock1.prefab using Guid(c0695e50372965840badd7b84ed57617) Importer(815301076,1909f56bfc062723c751e8b465ee728b) (PreviewImporter) -> (artifact id: '710b77b510f020b2f73bef529d68c55c') in 0.0188003 seconds
Number of updated asset objects reloaded before import = 0Number of asset objects unloaded after import = 9

========================================================================
Received Import Request.
  Time since last request: 0.000019 seconds.
  path: Assets/SimpleLowPolyNature/Prefabs/Flower2.prefab
  artifactKey: Guid(d7375139d18121f4daae96053a84e4c9) Importer(815301076,1909f56bfc062723c751e8b465ee728b)
Start importing Assets/SimpleLowPolyNature/Prefabs/Flower2.prefab using Guid(d7375139d18121f4daae96053a84e4c9) Importer(815301076,1909f56bfc062723c751e8b465ee728b) (PreviewImporter) -> (artifact id: '6586900ceb821332c58fc7408126d2c8') in 0.027872 seconds
Number of updated asset objects reloaded before import = 0Number of asset objects unloaded after import = 9

========================================================================
Received Import Request.
  Time since last request: 0.009271 seconds.
  path: Assets/SimpleLowPolyNature/Prefabs/Rock5.prefab
  artifactKey: Guid(daf661d478fbcbf4791f00721500cb43) Importer(815301076,1909f56bfc062723c751e8b465ee728b)
Start importing Assets/SimpleLowPolyNature/Prefabs/Rock5.prefab using Guid(daf661d478fbcbf4791f00721500cb43) Importer(815301076,1909f56bfc062723c751e8b465ee728b) (PreviewImporter) -> (artifact id: 'fba5f1485f62dd14e09be3766af04c00') in 0.0234987 seconds
Number of updated asset objects reloaded before import = 0Number of asset objects unloaded after import = 9

========================================================================
Received Import Request.
  Time since last request: 0.000020 seconds.
  path: Assets/SimpleLowPolyNature/Prefabs/WoodFence1.prefab
  artifactKey: Guid(aa99a810914c5b84b9bc5d51f95dd05c) Importer(815301076,1909f56bfc062723c751e8b465ee728b)
Start importing Assets/SimpleLowPolyNature/Prefabs/WoodFence1.prefab using Guid(aa99a810914c5b84b9bc5d51f95dd05c) Importer(815301076,1909f56bfc062723c751e8b465ee728b) (PreviewImporter) -> (artifact id: '40dbcf6ecabb1eb4c4f07c46bd932246') in 0.0175281 seconds
Number of updated asset objects reloaded before import = 0Number of asset objects unloaded after import = 9

========================================================================
Received Import Request.
  Time since last request: 0.000023 seconds.
  path: Assets/SimpleLowPolyNature/Prefabs/Cloud2.prefab
  artifactKey: Guid(fddda2a39f85ef043ad3625db468391f) Importer(815301076,1909f56bfc062723c751e8b465ee728b)
Start importing Assets/SimpleLowPolyNature/Prefabs/Cloud2.prefab using Guid(fddda2a39f85ef043ad3625db468391f) Importer(815301076,1909f56bfc062723c751e8b465ee728b) (PreviewImporter) -> (artifact id: '32e6a0e208a7d8712e7c6ed66d5e9126') in 0.0240487 seconds
Number of updated asset objects reloaded before import = 0Number of asset objects unloaded after import = 7

========================================================================
Received Import Request.
  Time since last request: 0.000019 seconds.
  path: Assets/SimpleLowPolyNature/Prefabs/Clouds1Layer.prefab
  artifactKey: Guid(e1eaa02314a382d4193af3de770677f6) Importer(815301076,1909f56bfc062723c751e8b465ee728b)
Start importing Assets/SimpleLowPolyNature/Prefabs/Clouds1Layer.prefab using Guid(e1eaa02314a382d4193af3de770677f6) Importer(815301076,1909f56bfc062723c751e8b465ee728b) (PreviewImporter) -> (artifact id: '9f14957b1358f0d48a3ab02be2f7cb97') in 0.0289158 seconds
Number of updated asset objects reloaded before import = 0Number of asset objects unloaded after import = 8

========================================================================
Received Import Request.
  Time since last request: 0.000016 seconds.
  path: Assets/SimpleLowPolyNature/Prefabs/Log.prefab
  artifactKey: Guid(23bd600a3424d9e44ac451d447977c93) Importer(815301076,1909f56bfc062723c751e8b465ee728b)
Start importing Assets/SimpleLowPolyNature/Prefabs/Log.prefab using Guid(23bd600a3424d9e44ac451d447977c93) Importer(815301076,1909f56bfc062723c751e8b465ee728b) (PreviewImporter) -> (artifact id: '4decef70994cac415517ea03d107820e') in 0.0189787 seconds
Number of updated asset objects reloaded before import = 0Number of asset objects unloaded after import = 10

========================================================================
Received Import Request.
  Time since last request: 0.000024 seconds.
  path: Assets/SimpleLowPolyNature/Prefabs/Paddle.prefab
  artifactKey: Guid(6a50d63ff5ab71e4b973294a1776270a) Importer(815301076,1909f56bfc062723c751e8b465ee728b)
Start importing Assets/SimpleLowPolyNature/Prefabs/Paddle.prefab using Guid(6a50d63ff5ab71e4b973294a1776270a) Importer(815301076,1909f56bfc062723c751e8b465ee728b) (PreviewImporter) -> (artifact id: '6abaf755b96bd803d74e959fc9f09b39') in 0.0232022 seconds
Number of updated asset objects reloaded before import = 0Number of asset objects unloaded after import = 8

========================================================================
Received Import Request.
  Time since last request: 0.000017 seconds.
  path: Assets/SimpleLowPolyNature/Prefabs/TreeDead1.prefab
  artifactKey: Guid(292c1954f8e2fd748857db06683062fb) Importer(815301076,1909f56bfc062723c751e8b465ee728b)
Start importing Assets/SimpleLowPolyNature/Prefabs/TreeDead1.prefab using Guid(292c1954f8e2fd748857db06683062fb) Importer(815301076,1909f56bfc062723c751e8b465ee728b) (PreviewImporter) -> (artifact id: '7f52f4da45ff998cacae69ea729e52c7') in 0.0243906 seconds
Number of updated asset objects reloaded before import = 0Number of asset objects unloaded after import = 9

========================================================================
Received Import Request.
  Time since last request: 0.000017 seconds.
  path: Assets/SimpleLowPolyNature/Prefabs/Rock9.prefab
  artifactKey: Guid(c2cb5e8a081a26c4a94df01eb6c4e44c) Importer(815301076,1909f56bfc062723c751e8b465ee728b)
Start importing Assets/SimpleLowPolyNature/Prefabs/Rock9.prefab using Guid(c2cb5e8a081a26c4a94df01eb6c4e44c) Importer(815301076,1909f56bfc062723c751e8b465ee728b) (PreviewImporter) -> (artifact id: '04b09df8346bc4e9f904d47c6e055ba3') in 0.0260129 seconds
Number of updated asset objects reloaded before import = 0Number of asset objects unloaded after import = 9

========================================================================
Received Import Request.
  Time since last request: 0.000024 seconds.
  path: Assets/SimpleLowPolyNature/Prefabs/Ivy1.prefab
  artifactKey: Guid(b3cfafb3174116447b21e588ab379d0b) Importer(815301076,1909f56bfc062723c751e8b465ee728b)
Start importing Assets/SimpleLowPolyNature/Prefabs/Ivy1.prefab using Guid(b3cfafb3174116447b21e588ab379d0b) Importer(815301076,1909f56bfc062723c751e8b465ee728b) (PreviewImporter) -> (artifact id: '2e57c0cfa3789a3223b9f6b06bcc7c59') in 0.0267894 seconds
Number of updated asset objects reloaded before import = 0Number of asset objects unloaded after import = 8

========================================================================
Received Import Request.
  Time since last request: 0.000017 seconds.
  path: Assets/SimpleLowPolyNature/Prefabs/CampFire.prefab
  artifactKey: Guid(d6a5e2c4aefa6804b8f7d2af9a9676b5) Importer(815301076,1909f56bfc062723c751e8b465ee728b)
Start importing Assets/SimpleLowPolyNature/Prefabs/CampFire.prefab using Guid(d6a5e2c4aefa6804b8f7d2af9a9676b5) Importer(815301076,1909f56bfc062723c751e8b465ee728b) (PreviewImporter) -> (artifact id: '5720d9fe7cff703413e44e7922a8d90d') in 2.8326192 seconds
Number of updated asset objects reloaded before import = 0Number of asset objects unloaded after import = 15

========================================================================
Received Import Request.
  Time since last request: 7.738018 seconds.
  path: Assets/ithappy/Animals_FREE/Prefabs/Deer_001.prefab
  artifactKey: Guid(4ecab060b0afb5d4db61f7f1311b9e24) Importer(815301076,1909f56bfc062723c751e8b465ee728b)
Start importing Assets/ithappy/Animals_FREE/Prefabs/Deer_001.prefab using Guid(4ecab060b0afb5d4db61f7f1311b9e24) Importer(815301076,1909f56bfc062723c751e8b465ee728b) (PreviewImporter) -> (artifact id: 'c4750012e9906052e6333361ead452c2') in 0.0897397 seconds
Number of updated asset objects reloaded before import = 0Number of asset objects unloaded after import = 90

========================================================================
Received Import Request.
  Time since last request: 0.000020 seconds.
  path: Assets/ithappy/Animals_FREE/Prefabs/Tiger_001.prefab
  artifactKey: Guid(8741cd6c8b9fc3947999191d0c381f50) Importer(815301076,1909f56bfc062723c751e8b465ee728b)
Start importing Assets/ithappy/Animals_FREE/Prefabs/Tiger_001.prefab using Guid(8741cd6c8b9fc3947999191d0c381f50) Importer(815301076,1909f56bfc062723c751e8b465ee728b) (PreviewImporter) -> (artifact id: '3853579e6be883e841f0ac09dda28e70') in 0.0555184 seconds
Number of updated asset objects reloaded before import = 0Number of asset objects unloaded after import = 90

========================================================================
Received Import Request.
  Time since last request: 0.000019 seconds.
  path: Assets/ithappy/Animals_FREE/Prefabs/Kitty_001.prefab
  artifactKey: Guid(44a0de0f766c9634eb66f1d56b7edc9d) Importer(815301076,1909f56bfc062723c751e8b465ee728b)
Start importing Assets/ithappy/Animals_FREE/Prefabs/Kitty_001.prefab using Guid(44a0de0f766c9634eb66f1d56b7edc9d) Importer(815301076,1909f56bfc062723c751e8b465ee728b) (PreviewImporter) -> (artifact id: '7ddded7005776dc551a02d6034140b00') in 0.0455816 seconds
Number of updated asset objects reloaded before import = 0Number of asset objects unloaded after import = 104

Editor requested this worker to shutdown with reason: Scaling down because of idle timeout
AssetImportWorker is now disconnected from the server
Process exiting
Exiting without the bug reporter. Application will terminate with return code 0